Script started on Wed Sep 30 20:09:57 2015
 
news: OpenSSH
 
Script on hercules[1]% a2q4
What do you want to do? 1 h
Invalid command.  Valid commands are:
1 - List
2 - Add
3 - Delete Job
4 - Remove Next
5 - Change Job Priority
q - Exit
What do you want to do? 2
Filename: a
File Size: 15
Priority: 3
What do you want to do? 2
Filename: b
File Size: 10
Priority: 3
What do you want to do? 2
Filename: c
File Size: 5
Priority: 3
What do you want to do? 1
3: c 5 3
2: b 10 3
1: a 15 3
What do you want to do? 2
Filename: d
File Size: 20
Priority: 2
What do you want to do? 2
Filename: e
File Size: 25
Priority: 2
What do you want to do? 2
Filename: f
File Size: 15
Priority: 2
What do you want to do? 1
6: f 15 2
4: d 20 2
5: e 25 2
3: c 5 3
2: b 10 3
1: a 15 3
What do you want to do? 4
What do you want to do? 4
What do you want to do? 1
5: e 25 2
3: c 5 3
2: b 10 3
1: a 15 3
What do you want to do? 2
Filename: g
File Size: 15
Priority: 4
Invalid.  Must be 1-3
Priority: 2
What do you want to do? 5
What job do you want to edit? 1
What is the new priority? 2
What do you want to do? 1
7: g 15 2
1: a 15 2
5: e 25 2
3: c 5 3
2: b 10 3
What do you want to do? 5
What job do you want to edit? 7
What is the new priority? 3
What do you want to do? 5
What job do you want to edit? 8
What is the new priority? 2
What do you want to do? 5
What job do you want to edit? 2
What is the new priority? 1
What do you want to do? 5
What job do you want to edit? 5
What is the new priority? 4
Invalid.  Must be 1-3
What is the new priority? 2
What do you want to do? 1
1: a 15 2
5: e 25 2
3: c 5 3
2: b 10 3
7: g 15 3
What do you want to do? 3
What job do you want to remove? 3
What do you want to do? 3
What job do you want to remove? 5
What do you want to do? 1
1: a 15 2
2: b 10 3
7: g 15 3
What do you want to do? 4
What do you want to do? 4
What do you want to do? 4
What do you want to do? 1
What do you want to do? q
Script on hercules[2]% exit
exit

script done on Wed Sep 30 20:15:06 2015
